<?xml version="1.0" encoding="UTF-8"?>
<testsuite xmlns:xsi="http://www.w3.org/2001/XMLSchema-instance" xsi:noNamespaceSchemaLocation="https://maven.apache.org/surefire/maven-surefire-plugin/xsd/surefire-test-report.xsd" name="Scenarios feature file" time="0.747" tests="2" errors="0" skipped="0" failures="0">
  <properties>
[...]
</properties>
  <testcase name="Test scenario 1" classname="Scenarios feature file" time="0.731"/>
  <testcase name="Test scenario 2" classname="Scenarios feature file" time="0.016"/>
</testsuite>